<?xml version="1.0" encoding="UTF-8"?>
<testng-results ignored="0" total="1" passed="1" failed="0" skipped="0">
  <reporter-output>
  </reporter-output>
  <suite started-at="2023-03-29T17:01:48 AST" name="Default suite" finished-at="2023-03-29T17:02:06 AST" duration-ms="18173">
    <groups>
    </groups>
    <test started-at="2023-03-29T17:01:48 AST" name="Default test" finished-at="2023-03-29T17:02:06 AST" duration-ms="18173">
      <class name="myTests.FirstTest">
        <test-method is-config="true" signature="beforeTest()[pri:0, instance:myTests.FirstTest@45099dd3]" started-at="2023-03-29T17:01:48 AST" name="beforeTest" finished-at="2023-03-29T17:02:03 AST" duration-ms="14921" status="PASS">
          <reporter-output>
          </reporter-output>
        </test-method> <!-- beforeTest -->
        <test-method signature="f()[pri:0, instance:myTests.FirstTest@45099dd3]" started-at="2023-03-29T17:02:03 AST" name="f" finished-at="2023-03-29T17:02:06 AST" duration-ms="3216" status="PASS">
          <reporter-output>
          </reporter-output>
        </test-method> <!-- f -->
      </class> <!-- myTests.FirstTest -->
    </test> <!-- Default test -->
  </suite> <!-- Default suite -->
</testng-results>
